[2025-09-25 00:31:45.962] [DEBUG] VulkanDevice.cpp:89 - Found 1 Vulkan device(s):
[2025-09-25 00:31:45.963] [DEBUG] VulkanDevice.cpp:111 -   [0] Apple M3 Pro (Integrated GPU) - {:.1f} GiB - Requirements: 18
[2025-09-25 00:31:45.963] [DEBUG] VulkanDevice.cpp:214 - Creating logical device using device [0]: 'Apple M3 Pro'
[2025-09-25 00:31:45.963] [DEBUG] VulkanDevice.cpp:237 - Selected GPU type: Integrated
[2025-09-25 00:31:45.963] [DEBUG] VulkanDevice.cpp:239 - Vulkan API version: 1.2.296
[2025-09-25 00:31:45.963] [DEBUG] VulkanDevice.cpp:265 - Device supports Vulkan 1.2 - buffer device address is core
[2025-09-25 00:31:45.968] [DEBUG] VulkanDevice.cpp:308 - Logical device created with buffer device address support.
[2025-09-25 00:31:45.968] [DEBUG] VulkanDevice.cpp:314 - Compute queue obtained.
[2025-09-25 00:31:45.968] [DEBUG] VulkanDevice.cpp:320 - Vulkan device doesn't support native sync2, loading extensions.
[2025-09-25 00:31:45.968] [DEBUG] VulkanDevice.cpp:351 - Destroying vulkan_device...
[2025-09-25 00:31:45.968] [DEBUG] VulkanDevice.cpp:363 - Destroying logical device...
[2025-09-25 00:31:45.969] [DEBUG] VulkanDevice.cpp:367 - Logical device destroyed successfully.
[2025-09-25 00:31:45.974] [DEBUG] VulkanDevice.cpp:89 - Found 1 Vulkan device(s):
[2025-09-25 00:31:45.975] [DEBUG] VulkanDevice.cpp:111 -   [0] Apple M3 Pro (Integrated GPU) - {:.1f} GiB - Requirements: 18
[2025-09-25 00:31:45.975] [DEBUG] VulkanDevice.cpp:214 - Creating logical device using device [0]: 'Apple M3 Pro'
[2025-09-25 00:31:45.975] [DEBUG] VulkanDevice.cpp:237 - Selected GPU type: Integrated
[2025-09-25 00:31:45.975] [DEBUG] VulkanDevice.cpp:239 - Vulkan API version: 1.2.296
[2025-09-25 00:31:45.975] [DEBUG] VulkanDevice.cpp:265 - Device supports Vulkan 1.2 - buffer device address is core
[2025-09-25 00:31:45.977] [DEBUG] VulkanDevice.cpp:308 - Logical device created with buffer device address support.
[2025-09-25 00:31:45.977] [DEBUG] VulkanDevice.cpp:314 - Compute queue obtained.
[2025-09-25 00:31:45.977] [DEBUG] VulkanDevice.cpp:320 - Vulkan device doesn't support native sync2, loading extensions.
[2025-09-25 00:31:45.984] [DEBUG] VulkanBackend.cpp:541 - Compiling compute shader...
[2025-09-25 00:31:46.045] [DEBUG] VulkanBackend.cpp:573 - Compute shader compiled successfully
[2025-09-25 00:31:46.049] [DEBUG] VulkanDevice.cpp:351 - Destroying vulkan_device...
[2025-09-25 00:31:46.049] [DEBUG] VulkanDevice.cpp:363 - Destroying logical device...
[2025-09-25 00:31:46.049] [DEBUG] VulkanDevice.cpp:367 - Logical device destroyed successfully.
[2025-09-25 00:31:46.055] [DEBUG] VulkanDevice.cpp:89 - Found 1 Vulkan device(s):
[2025-09-25 00:31:46.055] [DEBUG] VulkanDevice.cpp:111 -   [0] Apple M3 Pro (Integrated GPU) - {:.1f} GiB - Requirements: 18
[2025-09-25 00:31:46.055] [DEBUG] VulkanDevice.cpp:214 - Creating logical device using device [0]: 'Apple M3 Pro'
[2025-09-25 00:31:46.055] [DEBUG] VulkanDevice.cpp:237 - Selected GPU type: Integrated
[2025-09-25 00:31:46.055] [DEBUG] VulkanDevice.cpp:239 - Vulkan API version: 1.2.296
[2025-09-25 00:31:46.055] [DEBUG] VulkanDevice.cpp:265 - Device supports Vulkan 1.2 - buffer device address is core
[2025-09-25 00:31:46.062] [DEBUG] VulkanDevice.cpp:308 - Logical device created with buffer device address support.
[2025-09-25 00:31:46.062] [DEBUG] VulkanDevice.cpp:314 - Compute queue obtained.
[2025-09-25 00:31:46.062] [DEBUG] VulkanDevice.cpp:320 - Vulkan device doesn't support native sync2, loading extensions.
[2025-09-25 00:31:46.069] [DEBUG] VulkanDevice.cpp:351 - Destroying vulkan_device...
[2025-09-25 00:31:46.069] [DEBUG] VulkanDevice.cpp:363 - Destroying logical device...
[2025-09-25 00:31:46.070] [DEBUG] VulkanDevice.cpp:367 - Logical device destroyed successfully.
[2025-09-25 00:31:46.075] [DEBUG] VulkanDevice.cpp:89 - Found 1 Vulkan device(s):
[2025-09-25 00:31:46.075] [DEBUG] VulkanDevice.cpp:111 -   [0] Apple M3 Pro (Integrated GPU) - {:.1f} GiB - Requirements: 18
[2025-09-25 00:31:46.075] [DEBUG] VulkanDevice.cpp:214 - Creating logical device using device [0]: 'Apple M3 Pro'
[2025-09-25 00:31:46.075] [DEBUG] VulkanDevice.cpp:237 - Selected GPU type: Integrated
[2025-09-25 00:31:46.075] [DEBUG] VulkanDevice.cpp:239 - Vulkan API version: 1.2.296
[2025-09-25 00:31:46.075] [DEBUG] VulkanDevice.cpp:265 - Device supports Vulkan 1.2 - buffer device address is core
[2025-09-25 00:31:46.080] [DEBUG] VulkanDevice.cpp:308 - Logical device created with buffer device address support.
[2025-09-25 00:31:46.080] [DEBUG] VulkanDevice.cpp:314 - Compute queue obtained.
[2025-09-25 00:31:46.080] [DEBUG] VulkanDevice.cpp:320 - Vulkan device doesn't support native sync2, loading extensions.
[2025-09-25 00:31:46.087] [DEBUG] VulkanBackend.cpp:541 - Compiling compute shader...
[2025-09-25 00:31:46.153] [DEBUG] VulkanBackend.cpp:573 - Compute shader compiled successfully
[2025-09-25 00:31:46.156] [DEBUG] VulkanDevice.cpp:351 - Destroying vulkan_device...
[2025-09-25 00:31:46.156] [DEBUG] VulkanDevice.cpp:363 - Destroying logical device...
[2025-09-25 00:31:46.157] [DEBUG] VulkanDevice.cpp:367 - Logical device destroyed successfully.
[2025-09-25 00:31:46.163] [DEBUG] VulkanDevice.cpp:89 - Found 1 Vulkan device(s):
[2025-09-25 00:31:46.163] [DEBUG] VulkanDevice.cpp:111 -   [0] Apple M3 Pro (Integrated GPU) - {:.1f} GiB - Requirements: 18
[2025-09-25 00:31:46.163] [DEBUG] VulkanDevice.cpp:214 - Creating logical device using device [0]: 'Apple M3 Pro'
[2025-09-25 00:31:46.163] [DEBUG] VulkanDevice.cpp:237 - Selected GPU type: Integrated
[2025-09-25 00:31:46.163] [DEBUG] VulkanDevice.cpp:239 - Vulkan API version: 1.2.296
[2025-09-25 00:31:46.163] [DEBUG] VulkanDevice.cpp:265 - Device supports Vulkan 1.2 - buffer device address is core
[2025-09-25 00:31:46.166] [DEBUG] VulkanDevice.cpp:308 - Logical device created with buffer device address support.
[2025-09-25 00:31:46.166] [DEBUG] VulkanDevice.cpp:314 - Compute queue obtained.
[2025-09-25 00:31:46.166] [DEBUG] VulkanDevice.cpp:320 - Vulkan device doesn't support native sync2, loading extensions.
[2025-09-25 00:31:46.173] [DEBUG] VulkanBackend.cpp:541 - Compiling compute shader...
[2025-09-25 00:31:46.239] [DEBUG] VulkanBackend.cpp:573 - Compute shader compiled successfully
[2025-09-25 00:31:46.241] [DEBUG] VulkanBackend.cpp:541 - Compiling compute shader...
[2025-09-25 00:31:46.307] [DEBUG] VulkanBackend.cpp:573 - Compute shader compiled successfully
[2025-09-25 00:31:46.311] [DEBUG] VulkanDevice.cpp:351 - Destroying vulkan_device...
[2025-09-25 00:31:46.311] [DEBUG] VulkanDevice.cpp:363 - Destroying logical device...
[2025-09-25 00:31:46.312] [DEBUG] VulkanDevice.cpp:367 - Logical device destroyed successfully.
[2025-09-25 00:31:46.318] [DEBUG] VulkanDevice.cpp:89 - Found 1 Vulkan device(s):
[2025-09-25 00:31:46.318] [DEBUG] VulkanDevice.cpp:111 -   [0] Apple M3 Pro (Integrated GPU) - {:.1f} GiB - Requirements: 18
[2025-09-25 00:31:46.318] [DEBUG] VulkanDevice.cpp:214 - Creating logical device using device [0]: 'Apple M3 Pro'
[2025-09-25 00:31:46.318] [DEBUG] VulkanDevice.cpp:237 - Selected GPU type: Integrated
[2025-09-25 00:31:46.318] [DEBUG] VulkanDevice.cpp:239 - Vulkan API version: 1.2.296
[2025-09-25 00:31:46.318] [DEBUG] VulkanDevice.cpp:265 - Device supports Vulkan 1.2 - buffer device address is core
[2025-09-25 00:31:46.321] [DEBUG] VulkanDevice.cpp:308 - Logical device created with buffer device address support.
[2025-09-25 00:31:46.321] [DEBUG] VulkanDevice.cpp:314 - Compute queue obtained.
[2025-09-25 00:31:46.321] [DEBUG] VulkanDevice.cpp:320 - Vulkan device doesn't support native sync2, loading extensions.
[2025-09-25 00:31:46.330] [DEBUG] VulkanBackend.cpp:541 - Compiling compute shader...
[2025-09-25 00:31:46.396] [DEBUG] VulkanBackend.cpp:573 - Compute shader compiled successfully
[2025-09-25 00:31:46.399] [DEBUG] VulkanDevice.cpp:351 - Destroying vulkan_device...
[2025-09-25 00:31:46.399] [DEBUG] VulkanDevice.cpp:363 - Destroying logical device...
[2025-09-25 00:31:46.400] [DEBUG] VulkanDevice.cpp:367 - Logical device destroyed successfully.
[2025-09-25 00:31:46.406] [DEBUG] VulkanDevice.cpp:89 - Found 1 Vulkan device(s):
[2025-09-25 00:31:46.406] [DEBUG] VulkanDevice.cpp:111 -   [0] Apple M3 Pro (Integrated GPU) - {:.1f} GiB - Requirements: 18
[2025-09-25 00:31:46.406] [DEBUG] VulkanDevice.cpp:214 - Creating logical device using device [0]: 'Apple M3 Pro'
[2025-09-25 00:31:46.406] [DEBUG] VulkanDevice.cpp:237 - Selected GPU type: Integrated
[2025-09-25 00:31:46.406] [DEBUG] VulkanDevice.cpp:239 - Vulkan API version: 1.2.296
[2025-09-25 00:31:46.406] [DEBUG] VulkanDevice.cpp:265 - Device supports Vulkan 1.2 - buffer device address is core
[2025-09-25 00:31:46.409] [DEBUG] VulkanDevice.cpp:308 - Logical device created with buffer device address support.
[2025-09-25 00:31:46.409] [DEBUG] VulkanDevice.cpp:314 - Compute queue obtained.
[2025-09-25 00:31:46.409] [DEBUG] VulkanDevice.cpp:320 - Vulkan device doesn't support native sync2, loading extensions.
[2025-09-25 00:31:46.410] [DEBUG] VulkanBackend.cpp:541 - Compiling compute shader...
[2025-09-25 00:31:46.473] [DEBUG] VulkanBackend.cpp:573 - Compute shader compiled successfully
[2025-09-25 00:31:46.485] [DEBUG] VulkanDevice.cpp:351 - Destroying vulkan_device...
[2025-09-25 00:31:46.485] [DEBUG] VulkanDevice.cpp:363 - Destroying logical device...
[2025-09-25 00:31:46.486] [DEBUG] VulkanDevice.cpp:367 - Logical device destroyed successfully.
[2025-09-25 00:31:46.492] [DEBUG] VulkanDevice.cpp:89 - Found 1 Vulkan device(s):
[2025-09-25 00:31:46.492] [DEBUG] VulkanDevice.cpp:111 -   [0] Apple M3 Pro (Integrated GPU) - {:.1f} GiB - Requirements: 18
[2025-09-25 00:31:46.492] [DEBUG] VulkanDevice.cpp:214 - Creating logical device using device [0]: 'Apple M3 Pro'
[2025-09-25 00:31:46.492] [DEBUG] VulkanDevice.cpp:237 - Selected GPU type: Integrated
[2025-09-25 00:31:46.492] [DEBUG] VulkanDevice.cpp:239 - Vulkan API version: 1.2.296
[2025-09-25 00:31:46.492] [DEBUG] VulkanDevice.cpp:265 - Device supports Vulkan 1.2 - buffer device address is core
[2025-09-25 00:31:46.503] [DEBUG] VulkanDevice.cpp:308 - Logical device created with buffer device address support.
[2025-09-25 00:31:46.503] [DEBUG] VulkanDevice.cpp:314 - Compute queue obtained.
[2025-09-25 00:31:46.504] [DEBUG] VulkanDevice.cpp:320 - Vulkan device doesn't support native sync2, loading extensions.
[2025-09-25 00:31:46.512] [DEBUG] VulkanDevice.cpp:351 - Destroying vulkan_device...
[2025-09-25 00:31:46.512] [DEBUG] VulkanDevice.cpp:363 - Destroying logical device...
[2025-09-25 00:31:46.513] [DEBUG] VulkanDevice.cpp:367 - Logical device destroyed successfully.
[2025-09-25 00:31:46.518] [DEBUG] VulkanDevice.cpp:89 - Found 1 Vulkan device(s):
[2025-09-25 00:31:46.518] [DEBUG] VulkanDevice.cpp:111 -   [0] Apple M3 Pro (Integrated GPU) - {:.1f} GiB - Requirements: 18
[2025-09-25 00:31:46.518] [DEBUG] VulkanDevice.cpp:214 - Creating logical device using device [0]: 'Apple M3 Pro'
[2025-09-25 00:31:46.519] [DEBUG] VulkanDevice.cpp:237 - Selected GPU type: Integrated
[2025-09-25 00:31:46.519] [DEBUG] VulkanDevice.cpp:239 - Vulkan API version: 1.2.296
[2025-09-25 00:31:46.519] [DEBUG] VulkanDevice.cpp:265 - Device supports Vulkan 1.2 - buffer device address is core
[2025-09-25 00:31:46.528] [DEBUG] VulkanDevice.cpp:308 - Logical device created with buffer device address support.
[2025-09-25 00:31:46.528] [DEBUG] VulkanDevice.cpp:314 - Compute queue obtained.
[2025-09-25 00:31:46.528] [DEBUG] VulkanDevice.cpp:320 - Vulkan device doesn't support native sync2, loading extensions.
[2025-09-25 00:31:46.536] [DEBUG] VulkanBackend.cpp:541 - Compiling compute shader...
[2025-09-25 00:31:46.603] [DEBUG] VulkanBackend.cpp:573 - Compute shader compiled successfully
[2025-09-25 00:31:46.606] [DEBUG] VulkanBackend.cpp:541 - Compiling compute shader...
[2025-09-25 00:31:46.672] [DEBUG] VulkanBackend.cpp:573 - Compute shader compiled successfully
[2025-09-25 00:31:46.675] [DEBUG] VulkanDevice.cpp:351 - Destroying vulkan_device...
[2025-09-25 00:31:46.675] [DEBUG] VulkanDevice.cpp:363 - Destroying logical device...
[2025-09-25 00:31:46.676] [DEBUG] VulkanDevice.cpp:367 - Logical device destroyed successfully.
[2025-09-25 00:31:46.682] [DEBUG] VulkanDevice.cpp:89 - Found 1 Vulkan device(s):
[2025-09-25 00:31:46.682] [DEBUG] VulkanDevice.cpp:111 -   [0] Apple M3 Pro (Integrated GPU) - {:.1f} GiB - Requirements: 18
[2025-09-25 00:31:46.682] [DEBUG] VulkanDevice.cpp:214 - Creating logical device using device [0]: 'Apple M3 Pro'
[2025-09-25 00:31:46.682] [DEBUG] VulkanDevice.cpp:237 - Selected GPU type: Integrated
[2025-09-25 00:31:46.682] [DEBUG] VulkanDevice.cpp:239 - Vulkan API version: 1.2.296
[2025-09-25 00:31:46.682] [DEBUG] VulkanDevice.cpp:265 - Device supports Vulkan 1.2 - buffer device address is core
[2025-09-25 00:31:46.692] [DEBUG] VulkanDevice.cpp:308 - Logical device created with buffer device address support.
[2025-09-25 00:31:46.692] [DEBUG] VulkanDevice.cpp:314 - Compute queue obtained.
[2025-09-25 00:31:46.692] [DEBUG] VulkanDevice.cpp:320 - Vulkan device doesn't support native sync2, loading extensions.
[2025-09-25 00:31:46.702] [DEBUG] VulkanDevice.cpp:351 - Destroying vulkan_device...
[2025-09-25 00:31:46.702] [DEBUG] VulkanDevice.cpp:363 - Destroying logical device...
[2025-09-25 00:31:46.703] [DEBUG] VulkanDevice.cpp:367 - Logical device destroyed successfully.
[2025-09-25 00:31:46.709] [DEBUG] VulkanDevice.cpp:89 - Found 1 Vulkan device(s):
[2025-09-25 00:31:46.709] [DEBUG] VulkanDevice.cpp:111 -   [0] Apple M3 Pro (Integrated GPU) - {:.1f} GiB - Requirements: 18
[2025-09-25 00:31:46.709] [DEBUG] VulkanDevice.cpp:214 - Creating logical device using device [0]: 'Apple M3 Pro'
[2025-09-25 00:31:46.709] [DEBUG] VulkanDevice.cpp:237 - Selected GPU type: Integrated
[2025-09-25 00:31:46.709] [DEBUG] VulkanDevice.cpp:239 - Vulkan API version: 1.2.296
[2025-09-25 00:31:46.709] [DEBUG] VulkanDevice.cpp:265 - Device supports Vulkan 1.2 - buffer device address is core
[2025-09-25 00:31:46.719] [DEBUG] VulkanDevice.cpp:308 - Logical device created with buffer device address support.
[2025-09-25 00:31:46.719] [DEBUG] VulkanDevice.cpp:314 - Compute queue obtained.
[2025-09-25 00:31:46.720] [DEBUG] VulkanDevice.cpp:320 - Vulkan device doesn't support native sync2, loading extensions.
[2025-09-25 00:31:46.727] [DEBUG] VulkanDevice.cpp:351 - Destroying vulkan_device...
[2025-09-25 00:31:46.727] [DEBUG] VulkanDevice.cpp:363 - Destroying logical device...
[2025-09-25 00:31:46.728] [DEBUG] VulkanDevice.cpp:367 - Logical device destroyed successfully.
[2025-09-25 00:31:46.734] [DEBUG] VulkanDevice.cpp:89 - Found 1 Vulkan device(s):
[2025-09-25 00:31:46.734] [DEBUG] VulkanDevice.cpp:111 -   [0] Apple M3 Pro (Integrated GPU) - {:.1f} GiB - Requirements: 18
[2025-09-25 00:31:46.734] [DEBUG] VulkanDevice.cpp:214 - Creating logical device using device [0]: 'Apple M3 Pro'
[2025-09-25 00:31:46.734] [DEBUG] VulkanDevice.cpp:237 - Selected GPU type: Integrated
[2025-09-25 00:31:46.734] [DEBUG] VulkanDevice.cpp:239 - Vulkan API version: 1.2.296
[2025-09-25 00:31:46.734] [DEBUG] VulkanDevice.cpp:265 - Device supports Vulkan 1.2 - buffer device address is core
[2025-09-25 00:31:46.737] [DEBUG] VulkanDevice.cpp:308 - Logical device created with buffer device address support.
[2025-09-25 00:31:46.737] [DEBUG] VulkanDevice.cpp:314 - Compute queue obtained.
[2025-09-25 00:31:46.737] [DEBUG] VulkanDevice.cpp:320 - Vulkan device doesn't support native sync2, loading extensions.
[2025-09-25 00:31:46.737] [DEBUG] VulkanBackend.cpp:541 - Compiling compute shader...
[2025-09-25 00:31:46.800] [DEBUG] VulkanBackend.cpp:573 - Compute shader compiled successfully
[2025-09-25 00:31:46.812] [DEBUG] VulkanDevice.cpp:351 - Destroying vulkan_device...
[2025-09-25 00:31:46.812] [DEBUG] VulkanDevice.cpp:363 - Destroying logical device...
[2025-09-25 00:31:46.813] [DEBUG] VulkanDevice.cpp:367 - Logical device destroyed successfully.
